{"message":"Starting to collect data","level":"info","service":"awgit"}
{"message":"Finished compiling day data","level":"info","service":"awgit"}
{"message":"Starting to collect data","level":"info","service":"awgit"}
{"message":"Finished collecting data","level":"info","service":"awgit"}
{"message":"Starting to collect data","level":"info","service":"awgit"}
{"message":"Finished collecting data","level":"info","service":"awgit"}
{"message":"Starting to collect data","level":"info"}
{"message":"Finished collecting data","level":"info"}
{"message":"Starting to collect data","level":"info"}
{"message":"Finished collecting data","level":"info"}
{"message":"\nStarting to collect data","level":"info"}
{"message":"Finished collecting data","level":"info"}
{"message":"Starting to collect data","level":"info"}
{"message":"Finished collecting data","level":"info"}
{"message":"Reading data from \u001b[1mActivityWatch\u001b[0m","level":"info"}
{"message":"Reading data from \u001b[1mGitHub\u001b[0m","level":"info"}
{"message":"Reading data from \u001b[1mGitLab\u001b[0m","level":"info"}
{"message":"Starting to collect data","level":"info"}
{"message":"Finished collecting data","level":"info"}
{"message":"Reading data from \u001b[1mActivityWatch\u001b[0m","level":"info"}
{"message":"Reading data from \u001b[1mGitHub\u001b[0m","level":"info"}
{"message":"Reading data from \u001b[1mGitLab\u001b[0m","level":"info"}
{"message":"Starting to collect data","level":"info"}
{"message":"Finished collecting data","level":"info"}
{"message":"Reading data from \u001b[1mActivityWatch\u001b[0m","level":"info"}
{"message":"Reading data from \u001b[1mGitHub\u001b[0m","level":"info"}
{"message":"Reading data from \u001b[1mGitLab\u001b[0m","level":"info"}
{"message":"Starting to collect data","level":"info"}
{"message":"Finished collecting data","level":"info"}
{"message":"Starting to collect data","level":"info"}
{"message":"Reading data from \u001b[1mActivityWatch\u001b[0m","level":"info"}
{"message":"Reading data from \u001b[1mGitHub\u001b[0m","level":"info"}
{"message":"Reading data from \u001b[1mGitLab\u001b[0m","level":"info"}
{"message":"Finished collecting data","level":"info"}
{"message":"Starting to collect data","level":"info"}
{"message":"Reading data from \u001b[1mActivityWatch\u001b[0m","level":"info"}
{"message":"Reading data from \u001b[1mGitHub\u001b[0m","level":"info"}
{"message":"Reading data from \u001b[1mGitLab\u001b[0m","level":"info"}
{"message":"Finished collecting data","level":"info"}
{"message":"Starting to collect data","level":"info"}
{"message":"Reading data from \u001b[1mActivityWatch\u001b[0m","level":"info"}
{"message":"Reading data from \u001b[1mGitHub\u001b[0m","level":"info"}
{"message":"Reading data from \u001b[1mGitLab\u001b[0m","level":"info"}
{"message":"Finished collecting data","level":"info"}
{"message":"Starting to collect data","level":"info"}
{"message":"Starting to collect data","level":"info"}
{"message":"Starting to collect data","level":"info"}
{"message":"Starting to collect data","level":"info"}
{"message":"Starting to collect data","level":"info"}
{"message":"Reading data from \u001b[1mActivityWatch\u001b[0m","level":"info"}
{"message":"Reading data from \u001b[1mGitHub\u001b[0m","level":"info"}
{"message":"Reading data from \u001b[1mGitLab\u001b[0m","level":"info"}
{"message":"Finished collecting data","level":"info"}
{"message":"Starting to collect data","level":"info"}
{"message":"Reading data from \u001b[1mActivityWatch\u001b[0m","level":"info"}
{"message":"Reading data from \u001b[1mGitHub\u001b[0m","level":"info"}
{"message":"Reading data from \u001b[1mGitLab\u001b[0m","level":"info"}
{"message":"Finished collecting data","level":"info"}
{"message":"Starting to collect data","level":"info"}
{"message":"Reading data from \u001b[1mActivityWatch\u001b[0m","level":"info"}
{"message":"Reading data from \u001b[1mGitHub\u001b[0m","level":"info"}
{"message":"Reading data from \u001b[1mGitLab\u001b[0m","level":"info"}
{"message":"Finished collecting data","level":"info"}
{"message":"Starting to collect data","level":"info"}
{"message":"Reading data from \u001b[1mActivityWatch\u001b[0m","level":"info"}
{"message":"Reading data from \u001b[1mGitHub\u001b[0m","level":"info"}
{"message":"Reading data from \u001b[1mGitLab\u001b[0m","level":"info"}
{"message":"Finished collecting data","level":"info"}
{"message":"Starting to collect data","level":"info"}
{"message":"Reading data from \u001b[1mActivityWatch\u001b[0m","level":"info"}
{"message":"Reading data from \u001b[1mGitHub\u001b[0m","level":"info"}
{"message":"Reading data from \u001b[1mGitLab\u001b[0m","level":"info"}
{"message":"Finished collecting data","level":"info"}
