{"level":"error"}
{"level":"error"}
{"level":"error"}
{"level":"error"}
{"level":"error"}
{"level":"error"}
{"level":"error"}
{"level":"error"}
{"level":"error"}
{"level":"error"}
{"level":"error"}
{"level":"error"}
{"level":"error"}
{"level":"error"}
{"level":"error"}
{"level":"error"}
{"level":"error"}
{"input":"","code":"ERR_INVALID_URL","level":"error"}
{"input":"","code":"ERR_INVALID_URL","level":"error"}
{"input":"","code":"ERR_INVALID_URL","level":"error"}
{"input":"","code":"ERR_INVALID_URL","level":"error"}
{"level":"error","message":"Invalid URL: "}
{"level":"error","message":"Invalid URL: "}
{"level":"error","message":"Invalid URL: "}
{"level":"error","message":"Invalid URL: "}
{"level":"error","message":"Invalid URL: "}
{"level":"error","message":"Invalid URL: "}
{"level":"error","message":"Invalid URL: "}
{"level":"error","message":"Invalid URL: "}
{"level":"error","message":"Invalid URL: "}
{"level":"error","message":"Invalid URL: "}
{"level":"error","message":"Invalid URL: "}
{"level":"error","message":"Invalid URL: "}
{"level":"error","message":"Invalid URL: "}
{"level":"error","message":"Invalid URL: "}
{"level":"error","message":"Invalid URL: "}
{"level":"error","message":"Invalid URL: "}
{"level":"error","message":"Invalid URL: "}
{"level":"error","message":"Invalid URL: "}
{"level":"error","message":"Invalid URL: "}
{"level":"error","message":"Invalid URL: "}
{"level":"error","message":"Invalid URL: "}
{"level":"error","message":"Invalid URL: "}
{"level":"error","message":"Invalid URL: "}
{"level":"error","message":"Invalid URL: "}
{"level":"error","message":"Invalid URL: "}
{"level":"error","message":"Invalid URL: "}
{"level":"error","message":"Invalid URL: "}
{"level":"error","message":"Invalid URL: "}
{"level":"error","message":"Invalid URL: "}
{"level":"error","message":"Invalid URL: "}
{"level":"error","message":"Invalid URL: "}
{"level":"error","message":"Invalid URL: "}
{"level":"error","message":"Invalid URL: "}
{"level":"error","message":"Invalid URL: "}
{"level":"error","message":"Invalid URL: "}
{"level":"error","message":"Invalid URL: "}
{"level":"error","message":"Invalid URL: "}
{"level":"error","message":"Invalid URL: "}
{"level":"error","message":"Invalid URL: "}
{"level":"error","message":"Invalid URL: "}
{"level":"error","message":"Invalid URL: "}
{"level":"error","message":"Invalid URL: "}
{"level":"error","message":"Invalid URL: "}
{"level":"error","message":"Invalid URL: "}
{"level":"error","message":"Invalid URL: "}
{"level":"error","message":"Invalid URL: "}
{"level":"error","message":"Invalid URL: "}
{"level":"error","message":"Invalid URL: "}
{"level":"error","message":"Invalid URL: "}
{"level":"error","message":"Invalid URL: "}
{"level":"error","message":"Invalid URL: "}
{"level":"error","message":"Invalid URL: "}
{"level":"error","message":"Invalid URL: "}
{"level":"error","message":"Invalid URL: "}
{"level":"error","message":"Invalid URL: "}
{"level":"error","message":"Invalid URL: "}
{"level":"error","message":"Invalid URL: "}
{"level":"error","message":"Invalid URL: "}
{"level":"error","message":"Invalid URL: "}
{"level":"error","message":"Invalid URL: "}
{"level":"error","message":"Invalid URL: "}
{"level":"error","message":"Invalid URL: "}
{"level":"error","message":"Invalid URL: "}
{"level":"error","message":"Invalid URL: "}
{"level":"error","message":"Invalid URL: "}
{"level":"error","message":"Invalid URL: "}
{"level":"error","message":"Invalid URL: "}
{"level":"error","message":"Invalid URL: "}
{"level":"error","message":"Invalid URL: "}
{"level":"error","message":"Invalid URL: "}
{"level":"error","message":"Invalid URL: "}
{"level":"error","message":"Invalid URL: "}
{"level":"error","message":"Invalid URL: "}
{"level":"error","message":"Invalid URL: "}
{"level":"error","message":"Invalid URL: "}
{"level":"error","message":"Invalid URL: "}
{"level":"error","message":"Invalid URL: "}
{"level":"error","message":"Invalid URL: "}
{"level":"error","message":"Invalid URL: "}
{"level":"error","message":"Invalid URL: "}
{"level":"error","message":"Invalid URL: "}
{"level":"error","message":"Invalid URL: "}
{"level":"error","message":"Invalid URL: "}
{"level":"error","message":"Invalid URL: "}
{"level":"error","message":"Invalid URL: "}
{"level":"error","message":"Invalid URL: "}
{"level":"error","message":"Invalid URL: "}
{"level":"error","message":"Invalid URL: "}
{"level":"error","message":"Invalid URL: "}
{"level":"error","message":"Invalid URL: "}
{"level":"error","message":"Invalid URL: "}
{"level":"error","message":"Invalid URL: "}
{"level":"error","message":"Invalid URL: "}
{"level":"error","message":"Invalid URL: "}
{"level":"error","message":"Invalid URL: "}
{"level":"error","message":"Invalid URL: "}
{"url":"","level":"error","message":"Invalid URL: "}
{"url":"","level":"error","message":"Invalid URL: "}
{"url":"","level":"error","message":"Invalid URL: "}
{"level":"error","message":"Invalid URL: "}
{"message":"Invalid URL: {\"id\":null,\"timestamp\":\"2020-12-30T19:19:55.081000+00:00\",\"duration\":76.064,\"data\":{\"url\":\"\"}}","level":"error"}
{"message":"Invalid URL: {\"id\":null,\"timestamp\":\"2020-12-30T23:09:45.110000+00:00\",\"duration\":123.913,\"data\":{\"url\":\"\"}}","level":"error"}
{"message":"Invalid URL: undefined{\"id\":null,\"timestamp\":\"2020-12-30T11:46:26.196000+00:00\",\"duration\":7057.438,\"data\":{\"app\":\"Google Chrome\",\"title\":\"\"}}","level":"error"}
{"message":"Invalid URL: undefined{\"id\":null,\"timestamp\":\"2020-12-30T12:38:21.029000+00:00\",\"duration\":3977.835,\"data\":{\"app\":\"Electron\",\"title\":\"\"}}","level":"error"}
{"message":"Invalid URL: undefined{\"id\":null,\"timestamp\":\"2020-12-30T11:46:50.515000+00:00\",\"duration\":3235.734,\"data\":{\"app\":\"Discord\",\"title\":\"\"}}","level":"error"}
{"message":"Invalid URL: undefined{\"id\":null,\"timestamp\":\"2020-12-30T12:46:04.765000+00:00\",\"duration\":420.139,\"data\":{\"app\":\"WhatsApp\",\"title\":\"\"}}","level":"error"}
{"message":"Invalid URL: undefined{\"id\":null,\"timestamp\":\"2020-12-30T19:30:58.430000+00:00\",\"duration\":309.855,\"data\":{\"app\":\"Anki\",\"title\":\"\"}}","level":"error"}
{"message":"Invalid URL: undefined{\"id\":null,\"timestamp\":\"2020-12-30T11:46:49.339000+00:00\",\"duration\":157.278,\"data\":{\"app\":\"Telegram\",\"title\":\"\"}}","level":"error"}
{"message":"Invalid URL: undefined{\"id\":null,\"timestamp\":\"2020-12-30T13:58:30.712000+00:00\",\"duration\":39.073,\"data\":{\"app\":\"zoom.us\",\"title\":\"\"}}","level":"error"}
{"message":"Invalid URL: undefined{\"id\":null,\"timestamp\":\"2020-12-30T14:26:21.883000+00:00\",\"duration\":29.439,\"data\":{\"app\":\"Spotify\",\"title\":\"\"}}","level":"error"}
{"message":"Invalid URL: undefined{\"id\":null,\"timestamp\":\"2020-12-30T13:58:22.065000+00:00\",\"duration\":3.639,\"data\":{\"app\":\"Calendar\",\"title\":\"\"}}","level":"error"}
{"message":"Invalid URL: undefined{\"id\":null,\"timestamp\":\"2020-12-30T14:26:15.916000+00:00\",\"duration\":1.176,\"data\":{\"app\":\"kitty\",\"title\":\"\"}}","level":"error"}
{"message":"Invalid URL: undefined{\"id\":null,\"timestamp\":\"2020-12-30T22:36:35.071000+00:00\",\"duration\":0,\"data\":{\"app\":\"Finder\",\"title\":\"\"}}","level":"error"}
{"message":"Invalid URL: {\"id\":null,\"timestamp\":\"2020-12-30T23:24:45.957000+00:00\",\"duration\":124.85,\"data\":{\"url\":\"\"}}","level":"error"}
{"message":"Cannot access 'untrackedEvents' before initialization{\"id\":null,\"timestamp\":\"2020-12-30T11:46:26.196000+00:00\",\"duration\":7057.438,\"data\":{\"app\":\"Google Chrome\",\"title\":\"\"}}","level":"error"}
{"message":"Cannot access 'untrackedEvents' before initialization{\"id\":null,\"timestamp\":\"2020-12-30T14:26:21.883000+00:00\",\"duration\":29.439,\"data\":{\"app\":\"Spotify\",\"title\":\"\"}}","level":"error"}
{"message":"Cannot access 'untrackedEvents' before initialization{\"id\":null,\"timestamp\":\"2020-12-30T13:58:22.065000+00:00\",\"duration\":3.639,\"data\":{\"app\":\"Calendar\",\"title\":\"\"}}","level":"error"}
{"message":"Cannot access 'untrackedEvents' before initialization{\"id\":null,\"timestamp\":\"2020-12-30T22:36:35.071000+00:00\",\"duration\":0,\"data\":{\"app\":\"Finder\",\"title\":\"\"}}","level":"error"}
{"message":"Invalid URL: {\"id\":null,\"timestamp\":\"2020-12-30T23:24:45.957000+00:00\",\"duration\":124.85,\"data\":{\"url\":\"\"}}","level":"error"}
{"message":"Invalid URL: {\"id\":null,\"timestamp\":\"2020-12-30T23:24:45.957000+00:00\",\"duration\":124.85,\"data\":{\"url\":\"\"}}","level":"error"}
{"message":"Invalid URL: {\"id\":null,\"timestamp\":\"2020-12-30T23:24:45.957000+00:00\",\"duration\":124.85,\"data\":{\"url\":\"\"}}","level":"error"}
{"message":"Invalid URL: {\"id\":null,\"timestamp\":\"2020-12-30T23:24:45.957000+00:00\",\"duration\":124.85,\"data\":{\"url\":\"\"}}","level":"error"}
{"message":"Invalid URL: {\"id\":null,\"timestamp\":\"2020-12-30T23:24:45.957000+00:00\",\"duration\":124.85,\"data\":{\"url\":\"\"}}","level":"error"}
{"message":"Invalid URL: {\"id\":null,\"timestamp\":\"2020-12-30T23:24:45.957000+00:00\",\"duration\":124.85,\"data\":{\"url\":\"\"}}","level":"error"}
{"message":"Invalid URL: {\"id\":null,\"timestamp\":\"2020-12-30T23:24:45.957000+00:00\",\"duration\":124.85,\"data\":{\"url\":\"\"}}","level":"error"}
{"message":"Invalid URL: {\"id\":null,\"timestamp\":\"2020-12-30T23:24:45.957000+00:00\",\"duration\":124.85,\"data\":{\"url\":\"\"}}","level":"error"}
{"message":"Invalid URL: {\"id\":null,\"timestamp\":\"2020-12-30T23:24:45.957000+00:00\",\"duration\":124.85,\"data\":{\"url\":\"\"}}","level":"error"}
{"message":"Invalid URL: {\"id\":null,\"timestamp\":\"2020-12-30T23:24:45.957000+00:00\",\"duration\":124.85,\"data\":{\"url\":\"\"}}","level":"error"}
{"message":"Invalid URL: {\"id\":null,\"timestamp\":\"2020-12-30T23:24:45.957000+00:00\",\"duration\":124.85,\"data\":{\"url\":\"\"}}","level":"error"}
{"message":"Invalid URL: {\"id\":null,\"timestamp\":\"2020-12-30T23:24:45.957000+00:00\",\"duration\":124.85,\"data\":{\"url\":\"\"}}","level":"error"}
{"message":"Invalid URL: {\"id\":null,\"timestamp\":\"2020-12-30T23:24:45.957000+00:00\",\"duration\":124.85,\"data\":{\"url\":\"\"}}","level":"error"}
{"message":"Request failed with status code 400","name":"Error","stack":"Error: Request failed with status code 400\n    at createError (/Users/cass/Code/Software/awgit/collector/node_modules/axios/lib/core/createError.js:16:15)\n    at settle (/Users/cass/Code/Software/awgit/collector/node_modules/axios/lib/core/settle.js:17:12)\n    at IncomingMessage.handleStreamEnd (/Users/cass/Code/Software/awgit/collector/node_modules/axios/lib/adapters/http.js:236:11)\n    at IncomingMessage.emit (node:events:388:22)\n    at endReadableNT (node:internal/streams/readable:1295:12)\n    at processTicksAndRejections (node:internal/process/task_queues:80:21)","config":{"url":"/0/query/","method":"post","data":"{\"query\":[\"afk_events = query_bucket(find_bucket(\\\"aw-watcher-afk_\\\"));\",\"events = query_bucket(\\\"aw-watcher-web-chrome\\\");\",\"window_events = filter_period_intersect(window_events, filter_keyvals(afk_events, \\\"status\\\", [\\\"not-afk\\\"]));\",\"merged_events = merge_events_by_keys(events, [\\\"url\\\"]);\",\"RETURN = sort_by_duration(merged_events);\"],\"timeperiods\":[\"2020-12-30T00:00:00.000Z/2020-12-31T00:00:00.000Z\"]}","headers":{"Accept":"application/json, text/plain, */*","Content-Type":"application/json;charset=utf-8","User-Agent":"axios/0.19.2","Content-Length":410},"baseURL":"http://localhost:5600/api","transformRequest":[null],"transformResponse":[null],"timeout":30000,"xsrfCookieName":"XSRF-TOKEN","xsrfHeaderName":"X-XSRF-TOKEN","maxContentLength":-1}}
{"message":"Invalid URL: {\"id\":null,\"timestamp\":\"2020-12-30T23:46:07.251000+00:00\",\"duration\":134.439,\"data\":{\"url\":\"\"}}","level":"error"}
{"message":"Invalid URL: {\"id\":null,\"timestamp\":\"2020-12-30T23:48:48.130000+00:00\",\"duration\":138.014,\"data\":{\"url\":\"\"}}","level":"error"}
{"message":"Invalid URL: {\"id\":null,\"timestamp\":\"2020-12-30T23:48:48.130000+00:00\",\"duration\":138.014,\"data\":{\"url\":\"\"}}","level":"error"}
{"message":"Invalid URL: {\"id\":null,\"timestamp\":\"2020-12-30T23:48:48.130000+00:00\",\"duration\":138.014,\"data\":{\"url\":\"\"}}","level":"error"}
{"message":"Request failed with status code 400","name":"Error","stack":"Error: Request failed with status code 400\n    at createError (/Users/cass/Code/Software/awgit/collector/node_modules/axios/lib/core/createError.js:16:15)\n    at settle (/Users/cass/Code/Software/awgit/collector/node_modules/axios/lib/core/settle.js:17:12)\n    at IncomingMessage.handleStreamEnd (/Users/cass/Code/Software/awgit/collector/node_modules/axios/lib/adapters/http.js:236:11)\n    at IncomingMessage.emit (node:events:388:22)\n    at endReadableNT (node:internal/streams/readable:1295:12)\n    at processTicksAndRejections (node:internal/process/task_queues:80:21)","config":{"url":"/0/query/","method":"post","data":"{\"query\":[\"events_afk = flood(query_bucket(\\\"aw-watcher-afk_\\\"));\",\"events_active = period_union(events_active, filter_keyvals(events_afk, \\\"status\\\", [\\\"not-afk\\\"]))\",\"events_browser = flood(query_bucket(\\\"aw-watcher-web-chrome\\\"));\",\"events_audible = filter_keyvals(events_browser, \\\"audible\\\", [true]);\",\"events_active = period_union(events_active, events_audible);\"],\"timeperiods\":[\"2020-12-30T00:00:00.000Z/2020-12-31T00:00:00.000Z\"]}","headers":{"Accept":"application/json, text/plain, */*","Content-Type":"application/json;charset=utf-8","User-Agent":"axios/0.19.2","Content-Length":439},"baseURL":"http://localhost:5600/api","transformRequest":[null],"transformResponse":[null],"timeout":30000,"xsrfCookieName":"XSRF-TOKEN","xsrfHeaderName":"X-XSRF-TOKEN","maxContentLength":-1}}
{"message":"Request failed with status code 400","name":"Error","stack":"Error: Request failed with status code 400\n    at createError (/Users/cass/Code/Software/awgit/collector/node_modules/axios/lib/core/createError.js:16:15)\n    at settle (/Users/cass/Code/Software/awgit/collector/node_modules/axios/lib/core/settle.js:17:12)\n    at IncomingMessage.handleStreamEnd (/Users/cass/Code/Software/awgit/collector/node_modules/axios/lib/adapters/http.js:236:11)\n    at IncomingMessage.emit (node:events:388:22)\n    at endReadableNT (node:internal/streams/readable:1295:12)\n    at processTicksAndRejections (node:internal/process/task_queues:80:21)","config":{"url":"/0/query/","method":"post","data":"{\"query\":[\"events_afk = flood(query_bucket(find_bucket(\\\"aw-watcher-afk_\\\")));\",\"events_active = period_union(events_active, filter_keyvals(events_afk, \\\"status\\\", [\\\"not-afk\\\"]))\",\"events_browser = flood(query_bucket(\\\"aw-watcher-web-chrome\\\"));\",\"events_audible = filter_keyvals(events_browser, \\\"audible\\\", [true]);\",\"events_active = period_union(events_active, events_audible);\"],\"timeperiods\":[\"2020-12-31T00:00:00.000Z/2021-01-01T00:00:00.000Z\"]}","headers":{"Accept":"application/json, text/plain, */*","Content-Type":"application/json;charset=utf-8","User-Agent":"axios/0.19.2","Content-Length":452},"baseURL":"http://localhost:5600/api","transformRequest":[null],"transformResponse":[null],"timeout":30000,"xsrfCookieName":"XSRF-TOKEN","xsrfHeaderName":"X-XSRF-TOKEN","maxContentLength":-1}}
{"message":"Request failed with status code 400","name":"Error","stack":"Error: Request failed with status code 400\n    at createError (/Users/cass/Code/Software/awgit/collector/node_modules/axios/lib/core/createError.js:16:15)\n    at settle (/Users/cass/Code/Software/awgit/collector/node_modules/axios/lib/core/settle.js:17:12)\n    at IncomingMessage.handleStreamEnd (/Users/cass/Code/Software/awgit/collector/node_modules/axios/lib/adapters/http.js:236:11)\n    at IncomingMessage.emit (node:events:388:22)\n    at endReadableNT (node:internal/streams/readable:1295:12)\n    at processTicksAndRejections (node:internal/process/task_queues:80:21)","config":{"url":"/0/query/","method":"post","data":"{\"query\":[\"events_afk = flood(query_bucket(find_bucket(\\\"aw-watcher-afk_\\\")));\",\"events_active = period_union(events_active, filter_keyvals(events_afk, \\\"status\\\", [\\\"not-afk\\\"]))\",\"events_browser = flood(query_bucket(\\\"aw-watcher-web-chrome\\\"));\",\"events_audible = filter_keyvals(events_browser, \\\"audible\\\", [true]);\",\"events_active = period_union(events_active, events_audible);\",\"RETURN events_active\"],\"timeperiods\":[\"2020-12-31T00:00:00.000Z/2021-01-01T00:00:00.000Z\"]}","headers":{"Accept":"application/json, text/plain, */*","Content-Type":"application/json;charset=utf-8","User-Agent":"axios/0.19.2","Content-Length":475},"baseURL":"http://localhost:5600/api","transformRequest":[null],"transformResponse":[null],"timeout":30000,"xsrfCookieName":"XSRF-TOKEN","xsrfHeaderName":"X-XSRF-TOKEN","maxContentLength":-1}}
{"message":"Request failed with status code 400","name":"Error","stack":"Error: Request failed with status code 400\n    at createError (/Users/cass/Code/Software/awgit/collector/node_modules/axios/lib/core/createError.js:16:15)\n    at settle (/Users/cass/Code/Software/awgit/collector/node_modules/axios/lib/core/settle.js:17:12)\n    at IncomingMessage.handleStreamEnd (/Users/cass/Code/Software/awgit/collector/node_modules/axios/lib/adapters/http.js:236:11)\n    at IncomingMessage.emit (node:events:388:22)\n    at endReadableNT (node:internal/streams/readable:1295:12)\n    at processTicksAndRejections (node:internal/process/task_queues:80:21)","config":{"url":"/0/query/","method":"post","data":"{\"query\":[\"events_active = [];\",\"events_afk = flood(query_bucket(find_bucket(\\\"aw-watcher-afk_\\\")));\",\"events_active = period_union(events_active, filter_keyvals(events_afk, \\\"status\\\", [\\\"not-afk\\\"]))\",\"events_browser = flood(query_bucket(\\\"aw-watcher-web-chrome\\\"));\",\"events_audible = filter_keyvals(events_browser, \\\"audible\\\", [true]);\",\"events_active = period_union(events_active, events_audible);\",\"RETURN events_active\"],\"timeperiods\":[\"2020-12-31T00:00:00.000Z/2021-01-01T00:00:00.000Z\"]}","headers":{"Accept":"application/json, text/plain, */*","Content-Type":"application/json;charset=utf-8","User-Agent":"axios/0.19.2","Content-Length":497},"baseURL":"http://localhost:5600/api","transformRequest":[null],"transformResponse":[null],"timeout":30000,"xsrfCookieName":"XSRF-TOKEN","xsrfHeaderName":"X-XSRF-TOKEN","maxContentLength":-1}}
{"message":"Request failed with status code 400","name":"Error","stack":"Error: Request failed with status code 400\n    at createError (/Users/cass/Code/Software/awgit/collector/node_modules/axios/lib/core/createError.js:16:15)\n    at settle (/Users/cass/Code/Software/awgit/collector/node_modules/axios/lib/core/settle.js:17:12)\n    at IncomingMessage.handleStreamEnd (/Users/cass/Code/Software/awgit/collector/node_modules/axios/lib/adapters/http.js:236:11)\n    at IncomingMessage.emit (node:events:388:22)\n    at endReadableNT (node:internal/streams/readable:1295:12)\n    at processTicksAndRejections (node:internal/process/task_queues:80:21)","config":{"url":"/0/query/","method":"post","data":"{\"query\":[\"events_active = [];\",\"events_afk = flood(query_bucket(find_bucket(\\\"aw-watcher-afk_\\\")));\"],\"timeperiods\":[\"2020-12-31T00:00:00.000Z/2021-01-01T00:00:00.000Z\"]}","headers":{"Accept":"application/json, text/plain, */*","Content-Type":"application/json;charset=utf-8","User-Agent":"axios/0.19.2","Content-Length":171},"baseURL":"http://localhost:5600/api","transformRequest":[null],"transformResponse":[null],"timeout":30000,"xsrfCookieName":"XSRF-TOKEN","xsrfHeaderName":"X-XSRF-TOKEN","maxContentLength":-1}}
{"message":"Request failed with status code 400","name":"Error","stack":"Error: Request failed with status code 400\n    at createError (/Users/cass/Code/Software/awgit/collector/node_modules/axios/lib/core/createError.js:16:15)\n    at settle (/Users/cass/Code/Software/awgit/collector/node_modules/axios/lib/core/settle.js:17:12)\n    at IncomingMessage.handleStreamEnd (/Users/cass/Code/Software/awgit/collector/node_modules/axios/lib/adapters/http.js:236:11)\n    at IncomingMessage.emit (node:events:388:22)\n    at endReadableNT (node:internal/streams/readable:1295:12)\n    at processTicksAndRejections (node:internal/process/task_queues:80:21)","config":{"url":"/0/query/","method":"post","data":"{\"query\":[\"events_active = [];\",\"events_afk = flood(query_bucket(find_bucket(\\\"aw-watcher-afk_\\\")));\",\"RETURN events_active\"],\"timeperiods\":[\"2020-12-31T00:00:00.000Z/2021-01-01T00:00:00.000Z\"]}","headers":{"Accept":"application/json, text/plain, */*","Content-Type":"application/json;charset=utf-8","User-Agent":"axios/0.19.2","Content-Length":194},"baseURL":"http://localhost:5600/api","transformRequest":[null],"transformResponse":[null],"timeout":30000,"xsrfCookieName":"XSRF-TOKEN","xsrfHeaderName":"X-XSRF-TOKEN","maxContentLength":-1}}
{"message":"Request failed with status code 400","name":"Error","stack":"Error: Request failed with status code 400\n    at createError (/Users/cass/Code/Software/awgit/collector/node_modules/axios/lib/core/createError.js:16:15)\n    at settle (/Users/cass/Code/Software/awgit/collector/node_modules/axios/lib/core/settle.js:17:12)\n    at IncomingMessage.handleStreamEnd (/Users/cass/Code/Software/awgit/collector/node_modules/axios/lib/adapters/http.js:236:11)\n    at IncomingMessage.emit (node:events:388:22)\n    at endReadableNT (node:internal/streams/readable:1295:12)\n    at processTicksAndRejections (node:internal/process/task_queues:80:21)","config":{"url":"/0/query/","method":"post","data":"{\"query\":[\"events_active = [];\",\"events_afk = flood(query_bucket(find_bucket(\\\"aw-watcher-afk_\\\")));\",\"events_active = period_union(events_active, filter_keyvals(events_afk, \\\"status\\\", [\\\"not-afk\\\"]))\",\"events_browser = flood(query_bucket(\\\"aw-watcher-web-chrome\\\"));\",\"events_audible = filter_keyvals(events_browser, \\\"audible\\\", [true]);\",\"events_active = period_union(events_active, events_audible);\",\"RETURN = events_active\"],\"timeperiods\":[\"2020-12-31T00:00:00.000Z/2021-01-01T00:00:00.000Z\"]}","headers":{"Accept":"application/json, text/plain, */*","Content-Type":"application/json;charset=utf-8","User-Agent":"axios/0.19.2","Content-Length":499},"baseURL":"http://localhost:5600/api","transformRequest":[null],"transformResponse":[null],"timeout":30000,"xsrfCookieName":"XSRF-TOKEN","xsrfHeaderName":"X-XSRF-TOKEN","maxContentLength":-1}}
{"message":"Request failed with status code 400","name":"Error","stack":"Error: Request failed with status code 400\n    at createError (/Users/cass/Code/Software/awgit/collector/node_modules/axios/lib/core/createError.js:16:15)\n    at settle (/Users/cass/Code/Software/awgit/collector/node_modules/axios/lib/core/settle.js:17:12)\n    at IncomingMessage.handleStreamEnd (/Users/cass/Code/Software/awgit/collector/node_modules/axios/lib/adapters/http.js:236:11)\n    at IncomingMessage.emit (node:events:388:22)\n    at endReadableNT (node:internal/streams/readable:1295:12)\n    at processTicksAndRejections (node:internal/process/task_queues:80:21)","config":{"url":"/0/query/","method":"post","data":"{\"query\":[\"events_afk = flood(query_bucket(find_bucket(\\\"aw-watcher-afk_\\\")));\",\"events_active = period_union(events_active, filter_keyvals(events_afk, \\\"status\\\", [\\\"not-afk\\\"]))\",\"events_browser = flood(query_bucket(\\\"aw-watcher-web-chrome\\\"));\",\"events_audible = filter_keyvals(events_browser, \\\"audible\\\", [true]);\",\"events_active = period_union(events_active, events_audible);\",\"RETURN = events_active\"],\"timeperiods\":[\"2020-12-31T00:00:00.000Z/2021-01-01T00:00:00.000Z\"]}","headers":{"Accept":"application/json, text/plain, */*","Content-Type":"application/json;charset=utf-8","User-Agent":"axios/0.19.2","Content-Length":477},"baseURL":"http://localhost:5600/api","transformRequest":[null],"transformResponse":[null],"timeout":30000,"xsrfCookieName":"XSRF-TOKEN","xsrfHeaderName":"X-XSRF-TOKEN","maxContentLength":-1}}
{"message":"Request failed with status code 400","name":"Error","stack":"Error: Request failed with status code 400\n    at createError (/Users/cass/Code/Software/awgit/collector/node_modules/axios/lib/core/createError.js:16:15)\n    at settle (/Users/cass/Code/Software/awgit/collector/node_modules/axios/lib/core/settle.js:17:12)\n    at IncomingMessage.handleStreamEnd (/Users/cass/Code/Software/awgit/collector/node_modules/axios/lib/adapters/http.js:236:11)\n    at IncomingMessage.emit (node:events:388:22)\n    at endReadableNT (node:internal/streams/readable:1295:12)\n    at processTicksAndRejections (node:internal/process/task_queues:80:21)","config":{"url":"/0/query/","method":"post","data":"{\"query\":[\"events_active = [];\",\"events_afk = flood(query_bucket(find_bucket(\\\"aw-watcher-afk_\\\")));\",\"events_active = period_union(events_active, filter_keyvals(events_afk, \\\"status\\\", [\\\"not-afk\\\"]))\",\"RETURN = events_active\"],\"timeperiods\":[\"2020-12-31T00:00:00.000Z/2021-01-01T00:00:00.000Z\"]}","headers":{"Accept":"application/json, text/plain, */*","Content-Type":"application/json;charset=utf-8","User-Agent":"axios/0.19.2","Content-Length":297},"baseURL":"http://localhost:5600/api","transformRequest":[null],"transformResponse":[null],"timeout":30000,"xsrfCookieName":"XSRF-TOKEN","xsrfHeaderName":"X-XSRF-TOKEN","maxContentLength":-1}}
{"message":"Request failed with status code 400","name":"Error","stack":"Error: Request failed with status code 400\n    at createError (/Users/cass/Code/Software/awgit/collector/node_modules/axios/lib/core/createError.js:16:15)\n    at settle (/Users/cass/Code/Software/awgit/collector/node_modules/axios/lib/core/settle.js:17:12)\n    at IncomingMessage.handleStreamEnd (/Users/cass/Code/Software/awgit/collector/node_modules/axios/lib/adapters/http.js:236:11)\n    at IncomingMessage.emit (node:events:388:22)\n    at endReadableNT (node:internal/streams/readable:1295:12)\n    at processTicksAndRejections (node:internal/process/task_queues:80:21)","config":{"url":"/0/query/","method":"post","data":"{\"query\":[\"events_afk = flood(query_bucket(find_bucket(\\\"aw-watcher-afk_\\\")));\",\"events_active = period_union(events_active, filter_keyvals(events_afk, \\\"status\\\", [\\\"not-afk\\\"]))\",\"RETURN = events_active\"],\"timeperiods\":[\"2020-12-31T00:00:00.000Z/2021-01-01T00:00:00.000Z\"]}","headers":{"Accept":"application/json, text/plain, */*","Content-Type":"application/json;charset=utf-8","User-Agent":"axios/0.19.2","Content-Length":275},"baseURL":"http://localhost:5600/api","transformRequest":[null],"transformResponse":[null],"timeout":30000,"xsrfCookieName":"XSRF-TOKEN","xsrfHeaderName":"X-XSRF-TOKEN","maxContentLength":-1}}
{"message":"Invalid URL: {\"id\":null,\"timestamp\":\"2020-12-31T00:05:37.247000+00:00\",\"duration\":0.319,\"data\":{\"url\":\"\"}}","level":"error"}
{"message":"Invalid URL: {\"id\":null,\"timestamp\":\"2020-12-31T00:06:08.230000+00:00\",\"duration\":4.662,\"data\":{\"url\":\"\"}}","level":"error"}
{"message":"Invalid URL: {\"id\":null,\"timestamp\":\"2020-12-31T00:06:08.230000+00:00\",\"duration\":4.662,\"data\":{\"url\":\"\"}}","level":"error"}
{"message":"Invalid URL: {\"id\":null,\"timestamp\":\"2020-12-31T00:06:08.230000+00:00\",\"duration\":4.662,\"data\":{\"url\":\"\"}}","level":"error"}
{"message":"Invalid URL: {\"id\":null,\"timestamp\":\"2020-12-31T00:06:08.230000+00:00\",\"duration\":4.662,\"data\":{\"url\":\"\"}}","level":"error"}
{"message":"Invalid URL: {\"id\":null,\"timestamp\":\"2020-12-29T23:03:04.369000+00:00\",\"duration\":314.47,\"data\":{\"url\":\"\"}}","level":"error"}
{"message":"Invalid URL: {\"id\":null,\"timestamp\":\"2020-12-29T23:03:04.369000+00:00\",\"duration\":314.47,\"data\":{\"url\":\"\"}}","level":"error"}
{"message":"Invalid URL: {\"id\":null,\"timestamp\":\"2020-12-29T23:03:04.369000+00:00\",\"duration\":314.47,\"data\":{\"url\":\"\"}}","level":"error"}
{"message":"Invalid URL: {\"id\":null,\"timestamp\":\"2020-12-29T23:03:04.369000+00:00\",\"duration\":314.47,\"data\":{\"url\":\"\"}}","level":"error"}
{"message":"Invalid URL: {\"id\":null,\"timestamp\":\"2020-12-29T23:03:04.369000+00:00\",\"duration\":314.47,\"data\":{\"url\":\"\"}}","level":"error"}
{"message":"Invalid URL: {\"id\":null,\"timestamp\":\"2020-12-29T14:14:07.736000+00:00\",\"duration\":314.47,\"data\":{\"url\":\"\"}}","level":"error"}
{"message":"Invalid URL: {\"id\":null,\"timestamp\":\"2020-12-29T14:14:07.736000+00:00\",\"duration\":314.47,\"data\":{\"url\":\"\"}}","level":"error"}
{"message":"Invalid URL: {\"id\":null,\"timestamp\":\"2020-12-29T14:14:07.736000+00:00\",\"duration\":314.47,\"data\":{\"url\":\"\"}}","level":"error"}
{"message":"Invalid URL: {\"id\":null,\"timestamp\":\"2020-12-29T14:14:07.736000+00:00\",\"duration\":314.47,\"data\":{\"url\":\"\"}}","level":"error"}
{"message":"Invalid URL: {\"id\":null,\"timestamp\":\"2020-12-29T14:14:07.736000+00:00\",\"duration\":314.47,\"data\":{\"url\":\"\"}}","level":"error"}
{"message":"Invalid URL: {\"id\":null,\"timestamp\":\"2020-12-29T14:14:07.736000+00:00\",\"duration\":314.47,\"data\":{\"url\":\"\"}}","level":"error"}
{"message":"Invalid URL: {\"id\":null,\"timestamp\":\"2020-12-29T14:14:07.736000+00:00\",\"duration\":314.47,\"data\":{\"url\":\"\"}}","level":"error"}
{"message":"Invalid URL: {\"id\":null,\"timestamp\":\"2020-12-29T14:14:07.736000+00:00\",\"duration\":314.47,\"data\":{\"url\":\"\"}}","level":"error"}
{"message":"Invalid URL: {\"id\":null,\"timestamp\":\"2020-12-29T14:14:07.736000+00:00\",\"duration\":314.47,\"data\":{\"url\":\"\"}}","level":"error"}
{"message":"Invalid URL: {\"id\":null,\"timestamp\":\"2020-12-29T14:14:07.736000+00:00\",\"duration\":314.47,\"data\":{\"url\":\"\"}}","level":"error"}
{"message":"Invalid URL: {\"id\":null,\"timestamp\":\"2020-12-29T14:14:07.736000+00:00\",\"duration\":314.47,\"data\":{\"url\":\"\"}}","level":"error"}
{"message":"Invalid URL: {\"id\":null,\"timestamp\":\"2020-12-29T14:14:07.736000+00:00\",\"duration\":314.47,\"data\":{\"url\":\"\"}}","level":"error"}
{"message":"Invalid URL: {\"id\":null,\"timestamp\":\"2020-12-29T14:14:07.736000+00:00\",\"duration\":314.47,\"data\":{\"url\":\"\"}}","level":"error"}
{"message":"Invalid URL: {\"id\":null,\"timestamp\":\"2020-12-29T14:14:07.736000+00:00\",\"duration\":314.47,\"data\":{\"url\":\"\"}}","level":"error"}
{"message":"Invalid URL: {\"id\":null,\"timestamp\":\"2020-12-29T14:14:07.736000+00:00\",\"duration\":314.47,\"data\":{\"url\":\"\"}}","level":"error"}
{"message":"Invalid URL: {\"id\":null,\"timestamp\":\"2020-12-29T14:14:07.736000+00:00\",\"duration\":314.47,\"data\":{\"url\":\"\"}}","level":"error"}
{"message":"Invalid URL: {\"id\":null,\"timestamp\":\"2020-12-29T14:14:07.736000+00:00\",\"duration\":314.47,\"data\":{\"url\":\"\"}}","level":"error"}
{"message":"Invalid URL: {\"id\":null,\"timestamp\":\"2020-12-29T14:14:07.736000+00:00\",\"duration\":314.47,\"data\":{\"url\":\"\"}}","level":"error"}
{"message":"Invalid URL: {\"id\":null,\"timestamp\":\"2020-12-29T14:14:07.736000+00:00\",\"duration\":314.47,\"data\":{\"url\":\"\"}}","level":"error"}
{"message":"Invalid URL: {\"id\":null,\"timestamp\":\"2020-12-29T14:14:07.736000+00:00\",\"duration\":314.47,\"data\":{\"url\":\"\"}}","level":"error"}
{"message":"Invalid URL: {\"id\":null,\"timestamp\":\"2020-12-29T14:14:07.736000+00:00\",\"duration\":314.47,\"data\":{\"url\":\"\"}}","level":"error"}
{"message":"Invalid URL: {\"id\":null,\"timestamp\":\"2020-12-29T14:14:07.736000+00:00\",\"duration\":314.47,\"data\":{\"url\":\"\"}}","level":"error"}
{"message":"Invalid URL: {\"id\":null,\"timestamp\":\"2020-12-29T14:14:07.736000+00:00\",\"duration\":314.47,\"data\":{\"url\":\"\"}}","level":"error"}
{"message":"Invalid URL: {\"id\":null,\"timestamp\":\"2020-12-29T14:14:07.736000+00:00\",\"duration\":314.47,\"data\":{\"url\":\"\"}}","level":"error"}
{"message":"Invalid URL: {\"id\":null,\"timestamp\":\"2020-12-29T14:14:07.736000+00:00\",\"duration\":314.47,\"data\":{\"url\":\"\"}}","level":"error"}
{"message":"Invalid URL: {\"id\":null,\"timestamp\":\"2020-12-29T14:14:07.736000+00:00\",\"duration\":314.47,\"data\":{\"url\":\"\"}}","level":"error"}
{"message":"Invalid URL: {\"id\":null,\"timestamp\":\"2020-12-29T14:14:07.736000+00:00\",\"duration\":314.47,\"data\":{\"url\":\"\"}}","level":"error"}
{"message":"Invalid URL: {\"id\":null,\"timestamp\":\"2020-12-29T14:14:07.736000+00:00\",\"duration\":314.47,\"data\":{\"url\":\"\"}}","level":"error"}
{"message":"Invalid URL: {\"id\":null,\"timestamp\":\"2020-12-29T14:14:07.736000+00:00\",\"duration\":314.47,\"data\":{\"url\":\"\"}}","level":"error"}
{"message":"Invalid URL: {\"id\":null,\"timestamp\":\"2020-12-29T14:14:07.736000+00:00\",\"duration\":314.47,\"data\":{\"url\":\"\"}}","level":"error"}
{"message":"Invalid URL: {\"id\":null,\"timestamp\":\"2020-12-29T14:14:07.736000+00:00\",\"duration\":314.47,\"data\":{\"url\":\"\"}}","level":"error"}
{"message":"Invalid URL: {\"id\":null,\"timestamp\":\"2020-12-29T14:14:07.736000+00:00\",\"duration\":314.47,\"data\":{\"url\":\"\"}}","level":"error"}
{"message":"Invalid URL: {\"id\":null,\"timestamp\":\"2020-12-29T14:14:07.736000+00:00\",\"duration\":314.47,\"data\":{\"url\":\"\"}}","level":"error"}
{"message":"Invalid URL: {\"id\":null,\"timestamp\":\"2020-12-29T14:14:07.736000+00:00\",\"duration\":314.47,\"data\":{\"url\":\"\"}}","level":"error"}
{"message":"Invalid URL: {\"id\":null,\"timestamp\":\"2020-12-29T14:14:07.736000+00:00\",\"duration\":314.47,\"data\":{\"url\":\"\"}}","level":"error"}
{"message":"Invalid URL: {\"id\":null,\"timestamp\":\"2020-12-29T14:14:07.736000+00:00\",\"duration\":314.47,\"data\":{\"url\":\"\"}}","level":"error"}
{"message":"Invalid URL: {\"id\":null,\"timestamp\":\"2020-12-29T14:14:07.736000+00:00\",\"duration\":314.47,\"data\":{\"url\":\"\"}}","level":"error"}
{"message":"Invalid URL: {\"id\":null,\"timestamp\":\"2020-12-29T14:14:07.736000+00:00\",\"duration\":314.47,\"data\":{\"url\":\"\"}}","level":"error"}
{"message":"Invalid URL: {\"id\":null,\"timestamp\":\"2020-12-29T14:14:07.736000+00:00\",\"duration\":314.47,\"data\":{\"url\":\"\"}}","level":"error"}
{"level":"error"}
{"message":"Invalid URL: {\"id\":null,\"timestamp\":\"2020-12-29T14:14:07.736000+00:00\",\"duration\":314.47,\"data\":{\"url\":\"\"}}","level":"error"}
{"level":"error"}
{"message":"Invalid URL: {\"id\":null,\"timestamp\":\"2020-12-29T14:14:07.736000+00:00\",\"duration\":314.47,\"data\":{\"url\":\"\"}}","level":"error"}
{"level":"error"}
{"message":"Invalid URL: {\"id\":null,\"timestamp\":\"2020-12-29T14:14:07.736000+00:00\",\"duration\":314.47,\"data\":{\"url\":\"\"}}","level":"error"}
{"level":"error"}
{"message":"Invalid URL: {\"id\":null,\"timestamp\":\"2020-12-29T14:14:07.736000+00:00\",\"duration\":314.47,\"data\":{\"url\":\"\"}}","level":"error"}
{"level":"error"}
{"message":"Invalid URL: {\"id\":null,\"timestamp\":\"2020-12-29T14:14:07.736000+00:00\",\"duration\":314.47,\"data\":{\"url\":\"\"}}","level":"error"}
{"message":"Invalid URL: {\"id\":null,\"timestamp\":\"2020-12-29T14:14:07.736000+00:00\",\"duration\":314.47,\"data\":{\"url\":\"\"}}","level":"error"}
{"message":"Invalid URL: {\"id\":null,\"timestamp\":\"2020-12-29T14:14:07.736000+00:00\",\"duration\":314.47,\"data\":{\"url\":\"\"}}","level":"error"}
{"level":"error"}
{"message":"Invalid URL: {\"id\":null,\"timestamp\":\"2020-12-29T14:14:07.736000+00:00\",\"duration\":314.47,\"data\":{\"url\":\"\"}}","level":"error"}
{"message":"Invalid URL: {\"id\":null,\"timestamp\":\"2020-12-29T14:14:07.736000+00:00\",\"duration\":314.47,\"data\":{\"url\":\"\"}}","level":"error"}
{"message":"Invalid URL: {\"id\":null,\"timestamp\":\"2020-12-29T14:14:07.736000+00:00\",\"duration\":314.47,\"data\":{\"url\":\"\"}}","level":"error"}
{"message":"Invalid URL: {\"id\":null,\"timestamp\":\"2020-12-29T14:14:07.736000+00:00\",\"duration\":314.47,\"data\":{\"url\":\"\"}}","level":"error"}
{"message":"Invalid URL: {\"id\":null,\"timestamp\":\"2020-12-29T14:14:07.736000+00:00\",\"duration\":314.47,\"data\":{\"url\":\"\"}}","level":"error"}
{"level":"error"}
{"message":"Invalid URL: {\"id\":null,\"timestamp\":\"2020-12-29T14:14:07.736000+00:00\",\"duration\":314.47,\"data\":{\"url\":\"\"}}","level":"error"}
{"level":"error"}
{"message":"Invalid URL: {\"id\":null,\"timestamp\":\"2020-12-29T14:14:07.736000+00:00\",\"duration\":314.47,\"data\":{\"url\":\"\"}}","level":"error"}
{"message":"Invalid URL: {\"id\":null,\"timestamp\":\"2020-12-29T14:14:07.736000+00:00\",\"duration\":314.47,\"data\":{\"url\":\"\"}}","level":"error"}
{"message":"Invalid URL: {\"id\":null,\"timestamp\":\"2020-12-29T14:14:07.736000+00:00\",\"duration\":314.47,\"data\":{\"url\":\"\"}}","level":"error"}
{"message":"Invalid URL: {\"id\":null,\"timestamp\":\"2020-12-29T14:14:07.736000+00:00\",\"duration\":314.47,\"data\":{\"url\":\"\"}}","level":"error"}
{"message":"Invalid URL: {\"id\":null,\"timestamp\":\"2020-12-29T14:14:07.736000+00:00\",\"duration\":314.47,\"data\":{\"url\":\"\"}}","level":"error"}
{"message":"Invalid URL: {\"id\":null,\"timestamp\":\"2020-12-29T14:14:07.736000+00:00\",\"duration\":314.47,\"data\":{\"url\":\"\"}}","level":"error"}
{"message":"Invalid URL: {\"id\":null,\"timestamp\":\"2020-12-29T14:14:07.736000+00:00\",\"duration\":314.47,\"data\":{\"url\":\"\"}}","level":"error"}
{"message":"Invalid URL: {\"id\":null,\"timestamp\":\"2020-12-29T14:14:07.736000+00:00\",\"duration\":314.47,\"data\":{\"url\":\"\"}}","level":"error"}
{"message":"Invalid URL: {\"id\":null,\"timestamp\":\"2020-12-29T14:14:07.736000+00:00\",\"duration\":314.47,\"data\":{\"url\":\"\"}}","level":"error"}
{"message":"Invalid URL: {\"id\":null,\"timestamp\":\"2020-12-29T14:14:07.736000+00:00\",\"duration\":314.47,\"data\":{\"url\":\"\"}}","level":"error"}
{"message":"connect ECONNREFUSED 127.0.0.1:80","name":"Error","stack":"Error: connect ECONNREFUSED 127.0.0.1:80\n    at TCPConnectWrap.afterConnect [as oncomplete] (node:net:1138:16)","config":{"url":"/projects/13261952/repository/commits/766061ec98c9b6142bf56f61934bd0fd8c95d656/signature","method":"get","headers":{"Accept":"application/json, text/plain, */*","PRIVATE-TOKEN":"ar1dj8vqL7-EJev7tyMT","User-Agent":"axios/0.19.2"},"transformRequest":[null],"transformResponse":[null],"timeout":0,"xsrfCookieName":"XSRF-TOKEN","xsrfHeaderName":"X-XSRF-TOKEN","maxContentLength":-1},"code":"ECONNREFUSED"}
{"message":"Invalid URL: {\"id\":null,\"timestamp\":\"2020-12-29T14:14:07.736000+00:00\",\"duration\":314.47,\"data\":{\"url\":\"\"}}","level":"error"}
{"message":"Request failed with status code 404","name":"Error","stack":"Error: Request failed with status code 404\n    at createError (/Users/cass/Code/Software/awgit/collector/node_modules/axios/lib/core/createError.js:16:15)\n    at settle (/Users/cass/Code/Software/awgit/collector/node_modules/axios/lib/core/settle.js:17:12)\n    at IncomingMessage.handleStreamEnd (/Users/cass/Code/Software/awgit/collector/node_modules/axios/lib/adapters/http.js:236:11)\n    at IncomingMessage.emit (node:events:388:22)\n    at endReadableNT (node:internal/streams/readable:1295:12)\n    at processTicksAndRejections (node:internal/process/task_queues:80:21)","config":{"url":"https://gitlab.com/api/v4/projects/13261952/repository/commits/36030958bc5e1fb41cbda1a4161e32e1d02af149/signature","method":"get","headers":{"Accept":"application/json, text/plain, */*","PRIVATE-TOKEN":"ar1dj8vqL7-EJev7tyMT","User-Agent":"axios/0.19.2"},"transformRequest":[null],"transformResponse":[null],"timeout":0,"xsrfCookieName":"XSRF-TOKEN","xsrfHeaderName":"X-XSRF-TOKEN","maxContentLength":-1}}
{"message":"Invalid URL: {\"id\":null,\"timestamp\":\"2020-12-29T14:14:07.736000+00:00\",\"duration\":314.47,\"data\":{\"url\":\"\"}}","level":"error"}
{"message":"Invalid URL: {\"id\":null,\"timestamp\":\"2020-12-29T14:14:07.736000+00:00\",\"duration\":314.47,\"data\":{\"url\":\"\"}}","level":"error"}
{"message":"Invalid URL: {\"id\":null,\"timestamp\":\"2020-12-29T14:14:07.736000+00:00\",\"duration\":314.47,\"data\":{\"url\":\"\"}}","level":"error"}
{"message":"Invalid URL: {\"id\":null,\"timestamp\":\"2020-12-29T14:14:07.736000+00:00\",\"duration\":314.47,\"data\":{\"url\":\"\"}}","level":"error"}
{"message":"Invalid URL: {\"id\":null,\"timestamp\":\"2020-12-29T14:14:07.736000+00:00\",\"duration\":314.47,\"data\":{\"url\":\"\"}}","level":"error"}
{"message":"Invalid URL: {\"id\":null,\"timestamp\":\"2020-12-29T14:14:07.736000+00:00\",\"duration\":314.47,\"data\":{\"url\":\"\"}}","level":"error"}
{"message":"Invalid URL: {\"id\":null,\"timestamp\":\"2020-12-29T14:14:07.736000+00:00\",\"duration\":314.47,\"data\":{\"url\":\"\"}}","level":"error"}
{"message":"Invalid URL: {\"id\":null,\"timestamp\":\"2020-12-29T14:14:07.736000+00:00\",\"duration\":314.47,\"data\":{\"url\":\"\"}}","level":"error"}
